2016-01-31 10:25:54 INFO  DefaultTestContextBootstrapper:277 - Neither @ContextConfiguration nor @ContextHierarchy found for test class [ua.artcode.service.TestAuthorService]
2016-01-31 10:25:54 INFO  DefaultTestContextBootstrapper:259 - Loaded default TestExecutionListener class names from location [META-INF/spring.factories]: [org.springframework.test.context.web.ServletTestExecutionListener, org.springframework.test.context.support.DirtiesContextBeforeModesTestExecutionListener, org.springframework.test.context.support.DependencyInjectionTestExecutionListener, org.springframework.test.context.support.DirtiesContextTestExecutionListener, org.springframework.test.context.transaction.TransactionalTestExecutionListener, org.springframework.test.context.jdbc.SqlScriptsTestExecutionListener]
2016-01-31 10:25:54 INFO  DefaultTestContextBootstrapper:207 - Could not instantiate TestExecutionListener [org.springframework.test.context.web.ServletTestExecutionListener]. Specify custom listener classes or make the default listener classes (and their required dependencies) available. Offending class: [javax/servlet/ServletContext]
2016-01-31 10:25:54 INFO  DefaultTestContextBootstrapper:185 - Using TestExecutionListeners: [org.springframework.test.context.support.DirtiesContextBeforeModesTestExecutionListener@2c6a3f77, org.springframework.test.context.support.DependencyInjectionTestExecutionListener@246ae04d, org.springframework.test.context.support.DirtiesContextTestExecutionListener@62043840, org.springframework.test.context.transaction.TransactionalTestExecutionListener@5315b42e, org.springframework.test.context.jdbc.SqlScriptsTestExecutionListener@2ef9b8bc]
2016-01-31 10:25:54 ERROR TestContextManager:231 - Caught exception while allowing TestExecutionListener [org.springframework.test.context.support.DependencyInjectionTestExecutionListener@246ae04d] to prepare test instance [ua.artcode.service.TestAuthorService@4590c9c3]
java.lang.IllegalStateException: Failed to load ApplicationContext
	at org.springframework.test.context.cache.DefaultCacheAwareContextLoaderDelegate.loadContext(DefaultCacheAwareContextLoaderDelegate.java:124)
	at org.springframework.test.context.support.DefaultTestContext.getApplicationContext(DefaultTestContext.java:83)
	at org.springframework.test.context.support.DependencyInjectionTestExecutionListener.injectDependencies(DependencyInjectionTestExecutionListener.java:117)
	at org.springframework.test.context.support.DependencyInjectionTestExecutionListener.prepareTestInstance(DependencyInjectionTestExecutionListener.java:83)
	at org.springframework.test.context.TestContextManager.prepareTestInstance(TestContextManager.java:228)
	at org.springframework.test.context.junit4.SpringJUnit4ClassRunner.createTest(SpringJUnit4ClassRunner.java:230)
	at org.springframework.test.context.junit4.SpringJUnit4ClassRunner$1.runReflectiveCall(SpringJUnit4ClassRunner.java:289)
	at org.junit.internal.runners.model.ReflectiveCallable.run(ReflectiveCallable.java:12)
	at org.springframework.test.context.junit4.SpringJUnit4ClassRunner.methodBlock(SpringJUnit4ClassRunner.java:291)
	at org.springframework.test.context.junit4.SpringJUnit4ClassRunner.runChild(SpringJUnit4ClassRunner.java:249)
	at org.springframework.test.context.junit4.SpringJUnit4ClassRunner.runChild(SpringJUnit4ClassRunner.java:89)
	at org.junit.runners.ParentRunner$3.run(ParentRunner.java:290)
	at org.junit.runners.ParentRunner$1.schedule(ParentRunner.java:71)
	at org.junit.runners.ParentRunner.runChildren(ParentRunner.java:288)
	at org.junit.runners.ParentRunner.access$000(ParentRunner.java:58)
	at org.junit.runners.ParentRunner$2.evaluate(ParentRunner.java:268)
	at org.springframework.test.context.junit4.statements.RunBeforeTestClassCallbacks.evaluate(RunBeforeTestClassCallbacks.java:61)
	at org.springframework.test.context.junit4.statements.RunAfterTestClassCallbacks.evaluate(RunAfterTestClassCallbacks.java:70)
	at org.junit.runners.ParentRunner.run(ParentRunner.java:363)
	at org.springframework.test.context.junit4.SpringJUnit4ClassRunner.run(SpringJUnit4ClassRunner.java:193)
	at org.junit.runner.JUnitCore.run(JUnitCore.java:137)
	at com.intellij.junit4.JUnit4IdeaTestRunner.startRunnerWithArgs(JUnit4IdeaTestRunner.java:78)
	at com.intellij.rt.execution.junit.JUnitStarter.prepareStreamsAndStart(JUnitStarter.java:212)
	at com.intellij.rt.execution.junit.JUnitStarter.main(JUnitStarter.java:68)
	at sun.reflect.NativeMethodAccessorImpl.invoke0(Native Method)
	at sun.reflect.NativeMethodAccessorImpl.invoke(NativeMethodAccessorImpl.java:62)
	at sun.reflect.DelegatingMethodAccessorImpl.invoke(DelegatingMethodAccessorImpl.java:43)
	at java.lang.reflect.Method.invoke(Method.java:497)
	at com.intellij.rt.execution.application.AppMain.main(AppMain.java:140)
Caused by: java.lang.IllegalArgumentException: Cannot load an ApplicationContext with a NULL 'contextLoader'. Consider annotating your test class with @ContextConfiguration or @ContextHierarchy.
	at org.springframework.util.Assert.notNull(Assert.java:115)
	at org.springframework.test.context.cache.DefaultCacheAwareContextLoaderDelegate.loadContextInternal(DefaultCacheAwareContextLoaderDelegate.java:91)
	at org.springframework.test.context.cache.DefaultCacheAwareContextLoaderDelegate.loadContext(DefaultCacheAwareContextLoaderDelegate.java:116)
	... 28 more
2016-01-31 10:26:59 INFO  DefaultTestContextBootstrapper:259 - Loaded default TestExecutionListener class names from location [META-INF/spring.factories]: [org.springframework.test.context.web.ServletTestExecutionListener, org.springframework.test.context.support.DirtiesContextBeforeModesTestExecutionListener, org.springframework.test.context.support.DependencyInjectionTestExecutionListener, org.springframework.test.context.support.DirtiesContextTestExecutionListener, org.springframework.test.context.transaction.TransactionalTestExecutionListener, org.springframework.test.context.jdbc.SqlScriptsTestExecutionListener]
2016-01-31 10:26:59 INFO  DefaultTestContextBootstrapper:207 - Could not instantiate TestExecutionListener [org.springframework.test.context.web.ServletTestExecutionListener]. Specify custom listener classes or make the default listener classes (and their required dependencies) available. Offending class: [javax/servlet/ServletContext]
2016-01-31 10:26:59 INFO  DefaultTestContextBootstrapper:185 - Using TestExecutionListeners: [org.springframework.test.context.support.DirtiesContextBeforeModesTestExecutionListener@735b5592, org.springframework.test.context.support.DependencyInjectionTestExecutionListener@58651fd0, org.springframework.test.context.support.DirtiesContextTestExecutionListener@4520ebad, org.springframework.test.context.transaction.TransactionalTestExecutionListener@5419f379, org.springframework.test.context.jdbc.SqlScriptsTestExecutionListener@7dc7cbad]
2016-01-31 10:26:59 INFO  XmlBeanDefinitionReader:317 - Loading XML bean definitions from class path resource [app-context.xml]
2016-01-31 10:27:00 INFO  GenericApplicationContext:578 - Refreshing org.springframework.context.support.GenericApplicationContext@6fd02e5: startup date [Sun Jan 31 10:27:00 EET 2016]; root of context hierarchy
2016-01-31 10:27:01 INFO  PropertyPlaceholderConfigurer:172 - Loading properties file from class path resource [app.properties]
2016-01-31 10:27:01 INFO  DriverManagerDataSource:133 - Loaded JDBC driver: com.mysql.jdbc.Driver
2016-01-31 10:27:01 INFO  LocalContainerEntityManagerFactoryBean:339 - Building JPA container EntityManagerFactory for persistence unit 'default'
2016-01-31 10:27:01 INFO  LogHelper:31 - HHH000204: Processing PersistenceUnitInfo [
	name: default
	...]
2016-01-31 10:27:02 INFO  Version:37 - HHH000412: Hibernate Core {5.0.3.Final}
2016-01-31 10:27:02 INFO  Environment:213 - HHH000206: hibernate.properties not found
2016-01-31 10:27:02 INFO  Environment:317 - HHH000021: Bytecode provider name : javassist
2016-01-31 10:27:02 INFO  Version:66 - HCANN000001: Hibernate Commons Annotations {5.0.0.Final}
2016-01-31 10:27:03 INFO  Dialect:154 - HHH000400: Using dialect: org.hibernate.dialect.MySQL5Dialect
2016-01-31 10:27:04 INFO  LobCreatorBuilderImpl:98 - HHH000423: Disabling contextual LOB creation as JDBC driver reported JDBC version [3] less than 4
2016-01-31 10:27:05 INFO  SchemaUpdate:101 - HHH000228: Running hbm2ddl schema update
2016-01-31 10:27:05 INFO  BookDao:29 - create new book
2016-01-31 10:27:06 INFO  BookDao:37 - book was saved
2016-01-31 10:27:06 INFO  GenericApplicationContext:960 - Closing org.springframework.context.support.GenericApplicationContext@6fd02e5: startup date [Sun Jan 31 10:27:00 EET 2016]; root of context hierarchy
2016-01-31 10:27:06 INFO  LocalContainerEntityManagerFactoryBean:462 - Closing JPA EntityManagerFactory for persistence unit 'default'
2016-01-31 10:31:06 INFO  DefaultTestContextBootstrapper:259 - Loaded default TestExecutionListener class names from location [META-INF/spring.factories]: [org.springframework.test.context.web.ServletTestExecutionListener, org.springframework.test.context.support.DirtiesContextBeforeModesTestExecutionListener, org.springframework.test.context.support.DependencyInjectionTestExecutionListener, org.springframework.test.context.support.DirtiesContextTestExecutionListener, org.springframework.test.context.transaction.TransactionalTestExecutionListener, org.springframework.test.context.jdbc.SqlScriptsTestExecutionListener]
2016-01-31 10:31:06 INFO  DefaultTestContextBootstrapper:207 - Could not instantiate TestExecutionListener [org.springframework.test.context.web.ServletTestExecutionListener]. Specify custom listener classes or make the default listener classes (and their required dependencies) available. Offending class: [javax/servlet/ServletContext]
2016-01-31 10:31:06 INFO  DefaultTestContextBootstrapper:185 - Using TestExecutionListeners: [org.springframework.test.context.support.DirtiesContextBeforeModesTestExecutionListener@735b5592, org.springframework.test.context.support.DependencyInjectionTestExecutionListener@58651fd0, org.springframework.test.context.support.DirtiesContextTestExecutionListener@4520ebad, org.springframework.test.context.transaction.TransactionalTestExecutionListener@5419f379, org.springframework.test.context.jdbc.SqlScriptsTestExecutionListener@7dc7cbad]
2016-01-31 10:31:06 INFO  XmlBeanDefinitionReader:317 - Loading XML bean definitions from class path resource [app-test-context.xml]
2016-01-31 10:31:07 INFO  GenericApplicationContext:578 - Refreshing org.springframework.context.support.GenericApplicationContext@6fd02e5: startup date [Sun Jan 31 10:31:07 EET 2016]; root of context hierarchy
2016-01-31 10:31:07 INFO  PropertyPlaceholderConfigurer:172 - Loading properties file from class path resource [app-test.properties]
2016-01-31 10:31:08 INFO  DriverManagerDataSource:133 - Loaded JDBC driver: com.mysql.jdbc.Driver
2016-01-31 10:31:08 INFO  LocalContainerEntityManagerFactoryBean:339 - Building JPA container EntityManagerFactory for persistence unit 'default'
2016-01-31 10:31:08 INFO  LogHelper:31 - HHH000204: Processing PersistenceUnitInfo [
	name: default
	...]
2016-01-31 10:31:09 INFO  Version:37 - HHH000412: Hibernate Core {5.0.3.Final}
2016-01-31 10:31:09 INFO  Environment:213 - HHH000206: hibernate.properties not found
2016-01-31 10:31:09 INFO  Environment:317 - HHH000021: Bytecode provider name : javassist
2016-01-31 10:31:09 INFO  Version:66 - HCANN000001: Hibernate Commons Annotations {5.0.0.Final}
2016-01-31 10:31:11 INFO  Dialect:154 - HHH000400: Using dialect: org.hibernate.dialect.MySQL5Dialect
2016-01-31 10:31:11 INFO  LobCreatorBuilderImpl:98 - HHH000423: Disabling contextual LOB creation as JDBC driver reported JDBC version [3] less than 4
2016-01-31 10:31:12 INFO  SchemaExport:400 - HHH000227: Running hbm2ddl schema export
2016-01-31 10:31:12 ERROR SchemaExport:483 - HHH000389: Unsuccessful: alter table authors drop foreign key FKayun26b6icr26k1asg01v29s3
2016-01-31 10:31:12 ERROR SchemaExport:484 - Table 'test_library.authors' doesn't exist
2016-01-31 10:31:12 ERROR SchemaExport:483 - HHH000389: Unsuccessful: alter table authors_book drop foreign key FKd2igp81ry0igpciy7lepcia1p
2016-01-31 10:31:12 ERROR SchemaExport:484 - Table 'test_library.authors_book' doesn't exist
2016-01-31 10:31:12 ERROR SchemaExport:483 - HHH000389: Unsuccessful: alter table authors_book drop foreign key FK2ekxm9b7rw4enkecng30rkd1a
2016-01-31 10:31:12 ERROR SchemaExport:484 - Table 'test_library.authors_book' doesn't exist
2016-01-31 10:31:12 ERROR SchemaExport:483 - HHH000389: Unsuccessful: alter table books_authors drop foreign key FK2svbwu28vnifd611xlvvcr5rn
2016-01-31 10:31:12 ERROR SchemaExport:484 - Table 'test_library.books_authors' doesn't exist
2016-01-31 10:31:12 ERROR SchemaExport:483 - HHH000389: Unsuccessful: alter table books_authors drop foreign key FKcxy0b15jfs18i5w2bqsbic6me
2016-01-31 10:31:12 ERROR SchemaExport:484 - Table 'test_library.books_authors' doesn't exist
2016-01-31 10:31:12 INFO  SchemaExport:463 - HHH000230: Schema export complete
2016-01-31 10:31:12 INFO  BookDao:29 - create new book
2016-01-31 10:31:13 INFO  BookDao:37 - book was saved
2016-01-31 10:31:13 INFO  GenericApplicationContext:960 - Closing org.springframework.context.support.GenericApplicationContext@6fd02e5: startup date [Sun Jan 31 10:31:07 EET 2016]; root of context hierarchy
2016-01-31 10:31:13 INFO  LocalContainerEntityManagerFactoryBean:462 - Closing JPA EntityManagerFactory for persistence unit 'default'
2016-01-31 10:31:13 INFO  SchemaExport:400 - HHH000227: Running hbm2ddl schema export
2016-01-31 10:31:13 INFO  SchemaExport:463 - HHH000230: Schema export complete
2016-01-31 10:42:39 INFO  DefaultTestContextBootstrapper:259 - Loaded default TestExecutionListener class names from location [META-INF/spring.factories]: [org.springframework.test.context.web.ServletTestExecutionListener, org.springframework.test.context.support.DirtiesContextBeforeModesTestExecutionListener, org.springframework.test.context.support.DependencyInjectionTestExecutionListener, org.springframework.test.context.support.DirtiesContextTestExecutionListener, org.springframework.test.context.transaction.TransactionalTestExecutionListener, org.springframework.test.context.jdbc.SqlScriptsTestExecutionListener]
2016-01-31 10:42:39 INFO  DefaultTestContextBootstrapper:207 - Could not instantiate TestExecutionListener [org.springframework.test.context.web.ServletTestExecutionListener]. Specify custom listener classes or make the default listener classes (and their required dependencies) available. Offending class: [javax/servlet/ServletContext]
2016-01-31 10:42:39 INFO  DefaultTestContextBootstrapper:185 - Using TestExecutionListeners: [org.springframework.test.context.support.DirtiesContextBeforeModesTestExecutionListener@14bf9759, org.springframework.test.context.support.DependencyInjectionTestExecutionListener@5f341870, org.springframework.test.context.support.DirtiesContextTestExecutionListener@553f17c, org.springframework.test.context.transaction.TransactionalTestExecutionListener@4f7d0008, org.springframework.test.context.jdbc.SqlScriptsTestExecutionListener@271053e1]
2016-01-31 10:42:40 INFO  XmlBeanDefinitionReader:317 - Loading XML bean definitions from class path resource [app-test-context.xml]
2016-01-31 10:42:40 INFO  GenericApplicationContext:578 - Refreshing org.springframework.context.support.GenericApplicationContext@370736d9: startup date [Sun Jan 31 10:42:40 EET 2016]; root of context hierarchy
2016-01-31 10:42:40 INFO  PropertyPlaceholderConfigurer:172 - Loading properties file from class path resource [app-test.properties]
2016-01-31 10:42:40 INFO  DriverManagerDataSource:133 - Loaded JDBC driver: com.mysql.jdbc.Driver
2016-01-31 10:42:40 INFO  LocalContainerEntityManagerFactoryBean:339 - Building JPA container EntityManagerFactory for persistence unit 'default'
2016-01-31 10:42:40 INFO  LogHelper:31 - HHH000204: Processing PersistenceUnitInfo [
	name: default
	...]
2016-01-31 10:42:40 INFO  Version:37 - HHH000412: Hibernate Core {5.0.3.Final}
2016-01-31 10:42:40 INFO  Environment:213 - HHH000206: hibernate.properties not found
2016-01-31 10:42:40 INFO  Environment:317 - HHH000021: Bytecode provider name : javassist
2016-01-31 10:42:41 INFO  Version:66 - HCANN000001: Hibernate Commons Annotations {5.0.0.Final}
2016-01-31 10:42:41 INFO  Dialect:154 - HHH000400: Using dialect: org.hibernate.dialect.MySQL5Dialect
2016-01-31 10:42:41 INFO  LobCreatorBuilderImpl:98 - HHH000423: Disabling contextual LOB creation as JDBC driver reported JDBC version [3] less than 4
2016-01-31 10:42:42 INFO  SchemaExport:400 - HHH000227: Running hbm2ddl schema export
2016-01-31 10:42:42 ERROR SchemaExport:483 - HHH000389: Unsuccessful: alter table authors drop foreign key FKayun26b6icr26k1asg01v29s3
2016-01-31 10:42:42 ERROR SchemaExport:484 - Table 'test_library.authors' doesn't exist
2016-01-31 10:42:42 ERROR SchemaExport:483 - HHH000389: Unsuccessful: alter table authors_book drop foreign key FKd2igp81ry0igpciy7lepcia1p
2016-01-31 10:42:42 ERROR SchemaExport:484 - Table 'test_library.authors_book' doesn't exist
2016-01-31 10:42:42 ERROR SchemaExport:483 - HHH000389: Unsuccessful: alter table authors_book drop foreign key FK2ekxm9b7rw4enkecng30rkd1a
2016-01-31 10:42:42 ERROR SchemaExport:484 - Table 'test_library.authors_book' doesn't exist
2016-01-31 10:42:42 ERROR SchemaExport:483 - HHH000389: Unsuccessful: alter table books_authors drop foreign key FK2svbwu28vnifd611xlvvcr5rn
2016-01-31 10:42:42 ERROR SchemaExport:484 - Table 'test_library.books_authors' doesn't exist
2016-01-31 10:42:42 ERROR SchemaExport:483 - HHH000389: Unsuccessful: alter table books_authors drop foreign key FKcxy0b15jfs18i5w2bqsbic6me
2016-01-31 10:42:42 ERROR SchemaExport:484 - Table 'test_library.books_authors' doesn't exist
2016-01-31 10:42:42 INFO  SchemaExport:463 - HHH000230: Schema export complete
2016-01-31 10:42:43 INFO  BookDao:35 - create new book
2016-01-31 10:42:43 INFO  BookDao:43 - book was saved
2016-01-31 10:42:43 INFO  DefaultTestContextBootstrapper:259 - Loaded default TestExecutionListener class names from location [META-INF/spring.factories]: [org.springframework.test.context.web.ServletTestExecutionListener, org.springframework.test.context.support.DirtiesContextBeforeModesTestExecutionListener, org.springframework.test.context.support.DependencyInjectionTestExecutionListener, org.springframework.test.context.support.DirtiesContextTestExecutionListener, org.springframework.test.context.transaction.TransactionalTestExecutionListener, org.springframework.test.context.jdbc.SqlScriptsTestExecutionListener]
2016-01-31 10:42:43 INFO  DefaultTestContextBootstrapper:207 - Could not instantiate TestExecutionListener [org.springframework.test.context.web.ServletTestExecutionListener]. Specify custom listener classes or make the default listener classes (and their required dependencies) available. Offending class: [javax/servlet/ServletContext]
2016-01-31 10:42:43 INFO  DefaultTestContextBootstrapper:185 - Using TestExecutionListeners: [org.springframework.test.context.support.DirtiesContextBeforeModesTestExecutionListener@4d33940d, org.springframework.test.context.support.DependencyInjectionTestExecutionListener@43cf6ea3, org.springframework.test.context.support.DirtiesContextTestExecutionListener@37c5fc56, org.springframework.test.context.transaction.TransactionalTestExecutionListener@1c025cb, org.springframework.test.context.jdbc.SqlScriptsTestExecutionListener@50825a02]
2016-01-31 10:42:43 INFO  BookDao:35 - create new book
2016-01-31 10:42:43 INFO  BookDao:43 - book was saved
2016-01-31 10:42:43 INFO  GenericApplicationContext:960 - Closing org.springframework.context.support.GenericApplicationContext@370736d9: startup date [Sun Jan 31 10:42:40 EET 2016]; root of context hierarchy
2016-01-31 10:42:43 INFO  LocalContainerEntityManagerFactoryBean:462 - Closing JPA EntityManagerFactory for persistence unit 'default'
2016-01-31 10:42:43 INFO  SchemaExport:400 - HHH000227: Running hbm2ddl schema export
2016-01-31 10:42:43 INFO  SchemaExport:463 - HHH000230: Schema export complete
2016-01-31 10:54:13 INFO  DefaultTestContextBootstrapper:259 - Loaded default TestExecutionListener class names from location [META-INF/spring.factories]: [org.springframework.test.context.web.ServletTestExecutionListener, org.springframework.test.context.support.DirtiesContextBeforeModesTestExecutionListener, org.springframework.test.context.support.DependencyInjectionTestExecutionListener, org.springframework.test.context.support.DirtiesContextTestExecutionListener, org.springframework.test.context.transaction.TransactionalTestExecutionListener, org.springframework.test.context.jdbc.SqlScriptsTestExecutionListener]
2016-01-31 10:54:13 INFO  DefaultTestContextBootstrapper:207 - Could not instantiate TestExecutionListener [org.springframework.test.context.web.ServletTestExecutionListener]. Specify custom listener classes or make the default listener classes (and their required dependencies) available. Offending class: [javax/servlet/ServletContext]
2016-01-31 10:54:13 INFO  DefaultTestContextBootstrapper:185 - Using TestExecutionListeners: [org.springframework.test.context.support.DirtiesContextBeforeModesTestExecutionListener@735b5592, org.springframework.test.context.support.DependencyInjectionTestExecutionListener@58651fd0, org.springframework.test.context.support.DirtiesContextTestExecutionListener@4520ebad, org.springframework.test.context.transaction.TransactionalTestExecutionListener@5419f379, org.springframework.test.context.jdbc.SqlScriptsTestExecutionListener@7dc7cbad]
2016-01-31 10:54:13 INFO  XmlBeanDefinitionReader:317 - Loading XML bean definitions from class path resource [app-test-context.xml]
2016-01-31 10:54:14 INFO  GenericApplicationContext:578 - Refreshing org.springframework.context.support.GenericApplicationContext@6fd02e5: startup date [Sun Jan 31 10:54:14 EET 2016]; root of context hierarchy
2016-01-31 10:54:14 INFO  PropertyPlaceholderConfigurer:172 - Loading properties file from class path resource [app-test.properties]
2016-01-31 10:54:14 INFO  DriverManagerDataSource:133 - Loaded JDBC driver: com.mysql.jdbc.Driver
2016-01-31 10:54:14 INFO  LocalContainerEntityManagerFactoryBean:339 - Building JPA container EntityManagerFactory for persistence unit 'default'
2016-01-31 10:54:14 INFO  LogHelper:31 - HHH000204: Processing PersistenceUnitInfo [
	name: default
	...]
2016-01-31 10:54:15 INFO  Version:37 - HHH000412: Hibernate Core {5.0.3.Final}
2016-01-31 10:54:15 INFO  Environment:213 - HHH000206: hibernate.properties not found
2016-01-31 10:54:15 INFO  Environment:317 - HHH000021: Bytecode provider name : javassist
2016-01-31 10:54:15 INFO  Version:66 - HCANN000001: Hibernate Commons Annotations {5.0.0.Final}
2016-01-31 10:54:16 INFO  Dialect:154 - HHH000400: Using dialect: org.hibernate.dialect.MySQL5Dialect
2016-01-31 10:54:16 INFO  LobCreatorBuilderImpl:98 - HHH000423: Disabling contextual LOB creation as JDBC driver reported JDBC version [3] less than 4
2016-01-31 10:54:17 INFO  SchemaExport:400 - HHH000227: Running hbm2ddl schema export
2016-01-31 10:54:17 ERROR SchemaExport:483 - HHH000389: Unsuccessful: alter table authors drop foreign key FKayun26b6icr26k1asg01v29s3
2016-01-31 10:54:17 ERROR SchemaExport:484 - Table 'test_library.authors' doesn't exist
2016-01-31 10:54:17 ERROR SchemaExport:483 - HHH000389: Unsuccessful: alter table authors_book drop foreign key FKd2igp81ry0igpciy7lepcia1p
2016-01-31 10:54:17 ERROR SchemaExport:484 - Table 'test_library.authors_book' doesn't exist
2016-01-31 10:54:17 ERROR SchemaExport:483 - HHH000389: Unsuccessful: alter table authors_book drop foreign key FK2ekxm9b7rw4enkecng30rkd1a
2016-01-31 10:54:17 ERROR SchemaExport:484 - Table 'test_library.authors_book' doesn't exist
2016-01-31 10:54:17 ERROR SchemaExport:483 - HHH000389: Unsuccessful: alter table books_authors drop foreign key FK2svbwu28vnifd611xlvvcr5rn
2016-01-31 10:54:17 ERROR SchemaExport:484 - Table 'test_library.books_authors' doesn't exist
2016-01-31 10:54:17 ERROR SchemaExport:483 - HHH000389: Unsuccessful: alter table books_authors drop foreign key FKcxy0b15jfs18i5w2bqsbic6me
2016-01-31 10:54:17 ERROR SchemaExport:484 - Table 'test_library.books_authors' doesn't exist
2016-01-31 10:54:17 INFO  SchemaExport:463 - HHH000230: Schema export complete
2016-01-31 10:54:17 INFO  GenericApplicationContext:960 - Closing org.springframework.context.support.GenericApplicationContext@6fd02e5: startup date [Sun Jan 31 10:54:14 EET 2016]; root of context hierarchy
2016-01-31 10:54:17 INFO  LocalContainerEntityManagerFactoryBean:462 - Closing JPA EntityManagerFactory for persistence unit 'default'
2016-01-31 10:54:17 INFO  SchemaExport:400 - HHH000227: Running hbm2ddl schema export
2016-01-31 10:54:17 INFO  SchemaExport:463 - HHH000230: Schema export complete
2016-01-31 10:54:38 INFO  DefaultTestContextBootstrapper:259 - Loaded default TestExecutionListener class names from location [META-INF/spring.factories]: [org.springframework.test.context.web.ServletTestExecutionListener, org.springframework.test.context.support.DirtiesContextBeforeModesTestExecutionListener, org.springframework.test.context.support.DependencyInjectionTestExecutionListener, org.springframework.test.context.support.DirtiesContextTestExecutionListener, org.springframework.test.context.transaction.TransactionalTestExecutionListener, org.springframework.test.context.jdbc.SqlScriptsTestExecutionListener]
2016-01-31 10:54:39 INFO  DefaultTestContextBootstrapper:207 - Could not instantiate TestExecutionListener [org.springframework.test.context.web.ServletTestExecutionListener]. Specify custom listener classes or make the default listener classes (and their required dependencies) available. Offending class: [javax/servlet/ServletContext]
2016-01-31 10:54:39 INFO  DefaultTestContextBootstrapper:185 - Using TestExecutionListeners: [org.springframework.test.context.support.DirtiesContextBeforeModesTestExecutionListener@735b5592, org.springframework.test.context.support.DependencyInjectionTestExecutionListener@58651fd0, org.springframework.test.context.support.DirtiesContextTestExecutionListener@4520ebad, org.springframework.test.context.transaction.TransactionalTestExecutionListener@5419f379, org.springframework.test.context.jdbc.SqlScriptsTestExecutionListener@7dc7cbad]
2016-01-31 10:54:39 INFO  XmlBeanDefinitionReader:317 - Loading XML bean definitions from class path resource [app-test-context.xml]
2016-01-31 10:54:39 INFO  GenericApplicationContext:578 - Refreshing org.springframework.context.support.GenericApplicationContext@6fd02e5: startup date [Sun Jan 31 10:54:39 EET 2016]; root of context hierarchy
2016-01-31 10:54:40 INFO  PropertyPlaceholderConfigurer:172 - Loading properties file from class path resource [app-test.properties]
2016-01-31 10:54:40 INFO  DriverManagerDataSource:133 - Loaded JDBC driver: com.mysql.jdbc.Driver
2016-01-31 10:54:40 INFO  LocalContainerEntityManagerFactoryBean:339 - Building JPA container EntityManagerFactory for persistence unit 'default'
2016-01-31 10:54:40 INFO  LogHelper:31 - HHH000204: Processing PersistenceUnitInfo [
	name: default
	...]
2016-01-31 10:54:40 INFO  Version:37 - HHH000412: Hibernate Core {5.0.3.Final}
2016-01-31 10:54:40 INFO  Environment:213 - HHH000206: hibernate.properties not found
2016-01-31 10:54:40 INFO  Environment:317 - HHH000021: Bytecode provider name : javassist
2016-01-31 10:54:40 INFO  Version:66 - HCANN000001: Hibernate Commons Annotations {5.0.0.Final}
2016-01-31 10:54:41 INFO  Dialect:154 - HHH000400: Using dialect: org.hibernate.dialect.MySQL5Dialect
2016-01-31 10:54:41 INFO  LobCreatorBuilderImpl:98 - HHH000423: Disabling contextual LOB creation as JDBC driver reported JDBC version [3] less than 4
2016-01-31 10:54:42 INFO  SchemaExport:400 - HHH000227: Running hbm2ddl schema export
2016-01-31 10:54:42 ERROR SchemaExport:483 - HHH000389: Unsuccessful: alter table authors drop foreign key FKayun26b6icr26k1asg01v29s3
2016-01-31 10:54:42 ERROR SchemaExport:484 - Table 'test_library.authors' doesn't exist
2016-01-31 10:54:42 ERROR SchemaExport:483 - HHH000389: Unsuccessful: alter table authors_book drop foreign key FKd2igp81ry0igpciy7lepcia1p
2016-01-31 10:54:42 ERROR SchemaExport:484 - Table 'test_library.authors_book' doesn't exist
2016-01-31 10:54:42 ERROR SchemaExport:483 - HHH000389: Unsuccessful: alter table authors_book drop foreign key FK2ekxm9b7rw4enkecng30rkd1a
2016-01-31 10:54:42 ERROR SchemaExport:484 - Table 'test_library.authors_book' doesn't exist
2016-01-31 10:54:42 ERROR SchemaExport:483 - HHH000389: Unsuccessful: alter table books_authors drop foreign key FK2svbwu28vnifd611xlvvcr5rn
2016-01-31 10:54:42 ERROR SchemaExport:484 - Table 'test_library.books_authors' doesn't exist
2016-01-31 10:54:42 ERROR SchemaExport:483 - HHH000389: Unsuccessful: alter table books_authors drop foreign key FKcxy0b15jfs18i5w2bqsbic6me
2016-01-31 10:54:42 ERROR SchemaExport:484 - Table 'test_library.books_authors' doesn't exist
2016-01-31 10:54:43 INFO  SchemaExport:463 - HHH000230: Schema export complete
2016-01-31 10:54:43 INFO  GenericApplicationContext:960 - Closing org.springframework.context.support.GenericApplicationContext@6fd02e5: startup date [Sun Jan 31 10:54:39 EET 2016]; root of context hierarchy
2016-01-31 10:54:43 INFO  LocalContainerEntityManagerFactoryBean:462 - Closing JPA EntityManagerFactory for persistence unit 'default'
2016-01-31 10:54:43 INFO  SchemaExport:400 - HHH000227: Running hbm2ddl schema export
2016-01-31 10:54:43 INFO  SchemaExport:463 - HHH000230: Schema export complete
2016-01-31 10:55:23 INFO  DefaultTestContextBootstrapper:259 - Loaded default TestExecutionListener class names from location [META-INF/spring.factories]: [org.springframework.test.context.web.ServletTestExecutionListener, org.springframework.test.context.support.DirtiesContextBeforeModesTestExecutionListener, org.springframework.test.context.support.DependencyInjectionTestExecutionListener, org.springframework.test.context.support.DirtiesContextTestExecutionListener, org.springframework.test.context.transaction.TransactionalTestExecutionListener, org.springframework.test.context.jdbc.SqlScriptsTestExecutionListener]
2016-01-31 10:55:23 INFO  DefaultTestContextBootstrapper:207 - Could not instantiate TestExecutionListener [org.springframework.test.context.web.ServletTestExecutionListener]. Specify custom listener classes or make the default listener classes (and their required dependencies) available. Offending class: [javax/servlet/ServletContext]
2016-01-31 10:55:23 INFO  DefaultTestContextBootstrapper:185 - Using TestExecutionListeners: [org.springframework.test.context.support.DirtiesContextBeforeModesTestExecutionListener@735b5592, org.springframework.test.context.support.DependencyInjectionTestExecutionListener@58651fd0, org.springframework.test.context.support.DirtiesContextTestExecutionListener@4520ebad, org.springframework.test.context.transaction.TransactionalTestExecutionListener@5419f379, org.springframework.test.context.jdbc.SqlScriptsTestExecutionListener@7dc7cbad]
2016-01-31 10:55:23 INFO  XmlBeanDefinitionReader:317 - Loading XML bean definitions from class path resource [app-test-context.xml]
2016-01-31 10:55:24 INFO  GenericApplicationContext:578 - Refreshing org.springframework.context.support.GenericApplicationContext@6fd02e5: startup date [Sun Jan 31 10:55:24 EET 2016]; root of context hierarchy
2016-01-31 10:55:24 INFO  PropertyPlaceholderConfigurer:172 - Loading properties file from class path resource [app-test.properties]
2016-01-31 10:55:24 INFO  DriverManagerDataSource:133 - Loaded JDBC driver: com.mysql.jdbc.Driver
2016-01-31 10:55:25 INFO  LocalContainerEntityManagerFactoryBean:339 - Building JPA container EntityManagerFactory for persistence unit 'default'
2016-01-31 10:55:25 INFO  LogHelper:31 - HHH000204: Processing PersistenceUnitInfo [
	name: default
	...]
2016-01-31 10:55:25 INFO  Version:37 - HHH000412: Hibernate Core {5.0.3.Final}
2016-01-31 10:55:25 INFO  Environment:213 - HHH000206: hibernate.properties not found
2016-01-31 10:55:25 INFO  Environment:317 - HHH000021: Bytecode provider name : javassist
2016-01-31 10:55:25 INFO  Version:66 - HCANN000001: Hibernate Commons Annotations {5.0.0.Final}
2016-01-31 10:55:26 INFO  Dialect:154 - HHH000400: Using dialect: org.hibernate.dialect.MySQL5Dialect
2016-01-31 10:55:26 INFO  LobCreatorBuilderImpl:98 - HHH000423: Disabling contextual LOB creation as JDBC driver reported JDBC version [3] less than 4
2016-01-31 10:55:27 INFO  SchemaExport:400 - HHH000227: Running hbm2ddl schema export
2016-01-31 10:55:27 ERROR SchemaExport:483 - HHH000389: Unsuccessful: alter table authors drop foreign key FKayun26b6icr26k1asg01v29s3
2016-01-31 10:55:27 ERROR SchemaExport:484 - Table 'test_library.authors' doesn't exist
2016-01-31 10:55:27 ERROR SchemaExport:483 - HHH000389: Unsuccessful: alter table authors_book drop foreign key FKd2igp81ry0igpciy7lepcia1p
2016-01-31 10:55:27 ERROR SchemaExport:484 - Table 'test_library.authors_book' doesn't exist
2016-01-31 10:55:27 ERROR SchemaExport:483 - HHH000389: Unsuccessful: alter table authors_book drop foreign key FK2ekxm9b7rw4enkecng30rkd1a
2016-01-31 10:55:27 ERROR SchemaExport:484 - Table 'test_library.authors_book' doesn't exist
2016-01-31 10:55:27 ERROR SchemaExport:483 - HHH000389: Unsuccessful: alter table books_authors drop foreign key FK2svbwu28vnifd611xlvvcr5rn
2016-01-31 10:55:27 ERROR SchemaExport:484 - Table 'test_library.books_authors' doesn't exist
2016-01-31 10:55:27 ERROR SchemaExport:483 - HHH000389: Unsuccessful: alter table books_authors drop foreign key FKcxy0b15jfs18i5w2bqsbic6me
2016-01-31 10:55:27 ERROR SchemaExport:484 - Table 'test_library.books_authors' doesn't exist
2016-01-31 10:55:27 INFO  SchemaExport:463 - HHH000230: Schema export complete
2016-01-31 10:55:27 WARN  GenericApplicationContext:546 - Exception encountered during context initialization - cancelling refresh attempt: org.springframework.beans.factory.BeanCreationException: Error creating bean with name 'bookDao' defined in file [/home/serhii/dev/IdeaProjects/ACP11/Library/target/classes/ua/artcode/library/dao/BookDao.class]: Instantiation of bean failed; nested exception is org.springframework.beans.BeanInstantiationException: Failed to instantiate [ua.artcode.library.dao.BookDao]: No default constructor found; nested exception is java.lang.NoSuchMethodException: ua.artcode.library.dao.BookDao.<init>()
2016-01-31 10:55:27 INFO  LocalContainerEntityManagerFactoryBean:462 - Closing JPA EntityManagerFactory for persistence unit 'default'
2016-01-31 10:55:27 INFO  SchemaExport:400 - HHH000227: Running hbm2ddl schema export
2016-01-31 10:55:27 INFO  SchemaExport:463 - HHH000230: Schema export complete
2016-01-31 10:55:27 ERROR TestContextManager:231 - Caught exception while allowing TestExecutionListener [org.springframework.test.context.support.DependencyInjectionTestExecutionListener@58651fd0] to prepare test instance [ua.artcode.service.TestIntegrationAuthorService@b0964b2]
java.lang.IllegalStateException: Failed to load ApplicationContext
	at org.springframework.test.context.cache.DefaultCacheAwareContextLoaderDelegate.loadContext(DefaultCacheAwareContextLoaderDelegate.java:124)
	at org.springframework.test.context.support.DefaultTestContext.getApplicationContext(DefaultTestContext.java:83)
	at org.springframework.test.context.support.DependencyInjectionTestExecutionListener.injectDependencies(DependencyInjectionTestExecutionListener.java:117)
	at org.springframework.test.context.support.DependencyInjectionTestExecutionListener.prepareTestInstance(DependencyInjectionTestExecutionListener.java:83)
	at org.springframework.test.context.TestContextManager.prepareTestInstance(TestContextManager.java:228)
	at org.springframework.test.context.junit4.SpringJUnit4ClassRunner.createTest(SpringJUnit4ClassRunner.java:230)
	at org.springframework.test.context.junit4.SpringJUnit4ClassRunner$1.runReflectiveCall(SpringJUnit4ClassRunner.java:289)
	at org.junit.internal.runners.model.ReflectiveCallable.run(ReflectiveCallable.java:12)
	at org.springframework.test.context.junit4.SpringJUnit4ClassRunner.methodBlock(SpringJUnit4ClassRunner.java:291)
	at org.springframework.test.context.junit4.SpringJUnit4ClassRunner.runChild(SpringJUnit4ClassRunner.java:249)
	at org.springframework.test.context.junit4.SpringJUnit4ClassRunner.runChild(SpringJUnit4ClassRunner.java:89)
	at org.junit.runners.ParentRunner$3.run(ParentRunner.java:290)
	at org.junit.runners.ParentRunner$1.schedule(ParentRunner.java:71)
	at org.junit.runners.ParentRunner.runChildren(ParentRunner.java:288)
	at org.junit.runners.ParentRunner.access$000(ParentRunner.java:58)
	at org.junit.runners.ParentRunner$2.evaluate(ParentRunner.java:268)
	at org.springframework.test.context.junit4.statements.RunBeforeTestClassCallbacks.evaluate(RunBeforeTestClassCallbacks.java:61)
	at org.springframework.test.context.junit4.statements.RunAfterTestClassCallbacks.evaluate(RunAfterTestClassCallbacks.java:70)
	at org.junit.runners.ParentRunner.run(ParentRunner.java:363)
	at org.springframework.test.context.junit4.SpringJUnit4ClassRunner.run(SpringJUnit4ClassRunner.java:193)
	at org.junit.runner.JUnitCore.run(JUnitCore.java:137)
	at com.intellij.junit4.JUnit4IdeaTestRunner.startRunnerWithArgs(JUnit4IdeaTestRunner.java:78)
	at com.intellij.rt.execution.junit.JUnitStarter.prepareStreamsAndStart(JUnitStarter.java:212)
	at com.intellij.rt.execution.junit.JUnitStarter.main(JUnitStarter.java:68)
	at sun.reflect.NativeMethodAccessorImpl.invoke0(Native Method)
	at sun.reflect.NativeMethodAccessorImpl.invoke(NativeMethodAccessorImpl.java:62)
	at sun.reflect.DelegatingMethodAccessorImpl.invoke(DelegatingMethodAccessorImpl.java:43)
	at java.lang.reflect.Method.invoke(Method.java:497)
	at com.intellij.rt.execution.application.AppMain.main(AppMain.java:140)
Caused by: org.springframework.beans.factory.BeanCreationException: Error creating bean with name 'bookDao' defined in file [/home/serhii/dev/IdeaProjects/ACP11/Library/target/classes/ua/artcode/library/dao/BookDao.class]: Instantiation of bean failed; nested exception is org.springframework.beans.BeanInstantiationException: Failed to instantiate [ua.artcode.library.dao.BookDao]: No default constructor found; nested exception is java.lang.NoSuchMethodException: ua.artcode.library.dao.BookDao.<init>()
	at org.springframework.beans.factory.support.AbstractAutowireCapableBeanFactory.instantiateBean(AbstractAutowireCapableBeanFactory.java:1105)
	at org.springframework.beans.factory.support.AbstractAutowireCapableBeanFactory.createBeanInstance(AbstractAutowireCapableBeanFactory.java:1050)
	at org.springframework.beans.factory.support.AbstractAutowireCapableBeanFactory.doCreateBean(AbstractAutowireCapableBeanFactory.java:510)
	at org.springframework.beans.factory.support.AbstractAutowireCapableBeanFactory.createBean(AbstractAutowireCapableBeanFactory.java:482)
	at org.springframework.beans.factory.support.AbstractBeanFactory$1.getObject(AbstractBeanFactory.java:306)
	at org.springframework.beans.factory.support.DefaultSingletonBeanRegistry.getSingleton(DefaultSingletonBeanRegistry.java:230)
	at org.springframework.beans.factory.support.AbstractBeanFactory.doGetBean(AbstractBeanFactory.java:302)
	at org.springframework.beans.factory.support.AbstractBeanFactory.getBean(AbstractBeanFactory.java:197)
	at org.springframework.beans.factory.support.DefaultListableBeanFactory.preInstantiateSingletons(DefaultListableBeanFactory.java:772)
	at org.springframework.context.support.AbstractApplicationContext.finishBeanFactoryInitialization(AbstractApplicationContext.java:839)
	at org.springframework.context.support.AbstractApplicationContext.refresh(AbstractApplicationContext.java:538)
	at org.springframework.test.context.support.AbstractGenericContextLoader.loadContext(AbstractGenericContextLoader.java:125)
	at org.springframework.test.context.support.AbstractGenericContextLoader.loadContext(AbstractGenericContextLoader.java:60)
	at org.springframework.test.context.support.AbstractDelegatingSmartContextLoader.delegateLoading(AbstractDelegatingSmartContextLoader.java:109)
	at org.springframework.test.context.support.AbstractDelegatingSmartContextLoader.loadContext(AbstractDelegatingSmartContextLoader.java:261)
	at org.springframework.test.context.cache.DefaultCacheAwareContextLoaderDelegate.loadContextInternal(DefaultCacheAwareContextLoaderDelegate.java:98)
	at org.springframework.test.context.cache.DefaultCacheAwareContextLoaderDelegate.loadContext(DefaultCacheAwareContextLoaderDelegate.java:116)
	... 28 more
Caused by: org.springframework.beans.BeanInstantiationException: Failed to instantiate [ua.artcode.library.dao.BookDao]: No default constructor found; nested exception is java.lang.NoSuchMethodException: ua.artcode.library.dao.BookDao.<init>()
	at org.springframework.beans.factory.support.SimpleInstantiationStrategy.instantiate(SimpleInstantiationStrategy.java:85)
	at org.springframework.beans.factory.support.AbstractAutowireCapableBeanFactory.instantiateBean(AbstractAutowireCapableBeanFactory.java:1098)
	... 44 more
Caused by: java.lang.NoSuchMethodException: ua.artcode.library.dao.BookDao.<init>()
	at java.lang.Class.getConstructor0(Class.java:3082)
	at java.lang.Class.getDeclaredConstructor(Class.java:2178)
	at org.springframework.beans.factory.support.SimpleInstantiationStrategy.instantiate(SimpleInstantiationStrategy.java:80)
	... 45 more
2016-01-31 10:56:33 INFO  DefaultTestContextBootstrapper:259 - Loaded default TestExecutionListener class names from location [META-INF/spring.factories]: [org.springframework.test.context.web.ServletTestExecutionListener, org.springframework.test.context.support.DirtiesContextBeforeModesTestExecutionListener, org.springframework.test.context.support.DependencyInjectionTestExecutionListener, org.springframework.test.context.support.DirtiesContextTestExecutionListener, org.springframework.test.context.transaction.TransactionalTestExecutionListener, org.springframework.test.context.jdbc.SqlScriptsTestExecutionListener]
2016-01-31 10:56:33 INFO  DefaultTestContextBootstrapper:207 - Could not instantiate TestExecutionListener [org.springframework.test.context.web.ServletTestExecutionListener]. Specify custom listener classes or make the default listener classes (and their required dependencies) available. Offending class: [javax/servlet/ServletContext]
2016-01-31 10:56:33 INFO  DefaultTestContextBootstrapper:185 - Using TestExecutionListeners: [org.springframework.test.context.support.DirtiesContextBeforeModesTestExecutionListener@735b5592, org.springframework.test.context.support.DependencyInjectionTestExecutionListener@58651fd0, org.springframework.test.context.support.DirtiesContextTestExecutionListener@4520ebad, org.springframework.test.context.transaction.TransactionalTestExecutionListener@5419f379, org.springframework.test.context.jdbc.SqlScriptsTestExecutionListener@7dc7cbad]
2016-01-31 10:56:34 INFO  XmlBeanDefinitionReader:317 - Loading XML bean definitions from class path resource [app-test-context.xml]
2016-01-31 10:56:34 INFO  GenericApplicationContext:578 - Refreshing org.springframework.context.support.GenericApplicationContext@6fd02e5: startup date [Sun Jan 31 10:56:34 EET 2016]; root of context hierarchy
2016-01-31 10:56:34 INFO  PropertyPlaceholderConfigurer:172 - Loading properties file from class path resource [app-test.properties]
2016-01-31 10:56:34 INFO  DriverManagerDataSource:133 - Loaded JDBC driver: com.mysql.jdbc.Driver
2016-01-31 10:56:35 INFO  LocalContainerEntityManagerFactoryBean:339 - Building JPA container EntityManagerFactory for persistence unit 'default'
2016-01-31 10:56:35 INFO  LogHelper:31 - HHH000204: Processing PersistenceUnitInfo [
	name: default
	...]
2016-01-31 10:56:35 INFO  Version:37 - HHH000412: Hibernate Core {5.0.3.Final}
2016-01-31 10:56:35 INFO  Environment:213 - HHH000206: hibernate.properties not found
2016-01-31 10:56:35 INFO  Environment:317 - HHH000021: Bytecode provider name : javassist
2016-01-31 10:56:35 INFO  Version:66 - HCANN000001: Hibernate Commons Annotations {5.0.0.Final}
2016-01-31 10:56:36 INFO  Dialect:154 - HHH000400: Using dialect: org.hibernate.dialect.MySQL5Dialect
2016-01-31 10:56:36 INFO  LobCreatorBuilderImpl:98 - HHH000423: Disabling contextual LOB creation as JDBC driver reported JDBC version [3] less than 4
2016-01-31 10:56:37 INFO  SchemaExport:400 - HHH000227: Running hbm2ddl schema export
2016-01-31 10:56:37 ERROR SchemaExport:483 - HHH000389: Unsuccessful: alter table authors drop foreign key FKayun26b6icr26k1asg01v29s3
2016-01-31 10:56:37 ERROR SchemaExport:484 - Table 'test_library.authors' doesn't exist
2016-01-31 10:56:37 ERROR SchemaExport:483 - HHH000389: Unsuccessful: alter table authors_book drop foreign key FKd2igp81ry0igpciy7lepcia1p
2016-01-31 10:56:37 ERROR SchemaExport:484 - Table 'test_library.authors_book' doesn't exist
2016-01-31 10:56:37 ERROR SchemaExport:483 - HHH000389: Unsuccessful: alter table authors_book drop foreign key FK2ekxm9b7rw4enkecng30rkd1a
2016-01-31 10:56:37 ERROR SchemaExport:484 - Table 'test_library.authors_book' doesn't exist
2016-01-31 10:56:37 ERROR SchemaExport:483 - HHH000389: Unsuccessful: alter table books_authors drop foreign key FK2svbwu28vnifd611xlvvcr5rn
2016-01-31 10:56:37 ERROR SchemaExport:484 - Table 'test_library.books_authors' doesn't exist
2016-01-31 10:56:37 ERROR SchemaExport:483 - HHH000389: Unsuccessful: alter table books_authors drop foreign key FKcxy0b15jfs18i5w2bqsbic6me
2016-01-31 10:56:37 ERROR SchemaExport:484 - Table 'test_library.books_authors' doesn't exist
2016-01-31 10:56:37 INFO  SchemaExport:463 - HHH000230: Schema export complete
2016-01-31 10:56:37 WARN  GenericApplicationContext:546 - Exception encountered during context initialization - cancelling refresh attempt: org.springframework.beans.factory.BeanCreationException: Error creating bean with name 'bookDao' defined in file [/home/serhii/dev/IdeaProjects/ACP11/Library/target/classes/ua/artcode/library/dao/BookDao.class]: Instantiation of bean failed; nested exception is org.springframework.beans.BeanInstantiationException: Failed to instantiate [ua.artcode.library.dao.BookDao]: No default constructor found; nested exception is java.lang.NoSuchMethodException: ua.artcode.library.dao.BookDao.<init>()
2016-01-31 10:56:37 INFO  LocalContainerEntityManagerFactoryBean:462 - Closing JPA EntityManagerFactory for persistence unit 'default'
2016-01-31 10:56:37 INFO  SchemaExport:400 - HHH000227: Running hbm2ddl schema export
2016-01-31 10:56:37 INFO  SchemaExport:463 - HHH000230: Schema export complete
2016-01-31 10:56:37 ERROR TestContextManager:231 - Caught exception while allowing TestExecutionListener [org.springframework.test.context.support.DependencyInjectionTestExecutionListener@58651fd0] to prepare test instance [ua.artcode.service.TestIntegrationAuthorService@b0964b2]
java.lang.IllegalStateException: Failed to load ApplicationContext
	at org.springframework.test.context.cache.DefaultCacheAwareContextLoaderDelegate.loadContext(DefaultCacheAwareContextLoaderDelegate.java:124)
	at org.springframework.test.context.support.DefaultTestContext.getApplicationContext(DefaultTestContext.java:83)
	at org.springframework.test.context.support.DependencyInjectionTestExecutionListener.injectDependencies(DependencyInjectionTestExecutionListener.java:117)
	at org.springframework.test.context.support.DependencyInjectionTestExecutionListener.prepareTestInstance(DependencyInjectionTestExecutionListener.java:83)
	at org.springframework.test.context.TestContextManager.prepareTestInstance(TestContextManager.java:228)
	at org.springframework.test.context.junit4.SpringJUnit4ClassRunner.createTest(SpringJUnit4ClassRunner.java:230)
	at org.springframework.test.context.junit4.SpringJUnit4ClassRunner$1.runReflectiveCall(SpringJUnit4ClassRunner.java:289)
	at org.junit.internal.runners.model.ReflectiveCallable.run(ReflectiveCallable.java:12)
	at org.springframework.test.context.junit4.SpringJUnit4ClassRunner.methodBlock(SpringJUnit4ClassRunner.java:291)
	at org.springframework.test.context.junit4.SpringJUnit4ClassRunner.runChild(SpringJUnit4ClassRunner.java:249)
	at org.springframework.test.context.junit4.SpringJUnit4ClassRunner.runChild(SpringJUnit4ClassRunner.java:89)
	at org.junit.runners.ParentRunner$3.run(ParentRunner.java:290)
	at org.junit.runners.ParentRunner$1.schedule(ParentRunner.java:71)
	at org.junit.runners.ParentRunner.runChildren(ParentRunner.java:288)
	at org.junit.runners.ParentRunner.access$000(ParentRunner.java:58)
	at org.junit.runners.ParentRunner$2.evaluate(ParentRunner.java:268)
	at org.springframework.test.context.junit4.statements.RunBeforeTestClassCallbacks.evaluate(RunBeforeTestClassCallbacks.java:61)
	at org.springframework.test.context.junit4.statements.RunAfterTestClassCallbacks.evaluate(RunAfterTestClassCallbacks.java:70)
	at org.junit.runners.ParentRunner.run(ParentRunner.java:363)
	at org.springframework.test.context.junit4.SpringJUnit4ClassRunner.run(SpringJUnit4ClassRunner.java:193)
	at org.junit.runner.JUnitCore.run(JUnitCore.java:137)
	at com.intellij.junit4.JUnit4IdeaTestRunner.startRunnerWithArgs(JUnit4IdeaTestRunner.java:78)
	at com.intellij.rt.execution.junit.JUnitStarter.prepareStreamsAndStart(JUnitStarter.java:212)
	at com.intellij.rt.execution.junit.JUnitStarter.main(JUnitStarter.java:68)
	at sun.reflect.NativeMethodAccessorImpl.invoke0(Native Method)
	at sun.reflect.NativeMethodAccessorImpl.invoke(NativeMethodAccessorImpl.java:62)
	at sun.reflect.DelegatingMethodAccessorImpl.invoke(DelegatingMethodAccessorImpl.java:43)
	at java.lang.reflect.Method.invoke(Method.java:497)
	at com.intellij.rt.execution.application.AppMain.main(AppMain.java:140)
Caused by: org.springframework.beans.factory.BeanCreationException: Error creating bean with name 'bookDao' defined in file [/home/serhii/dev/IdeaProjects/ACP11/Library/target/classes/ua/artcode/library/dao/BookDao.class]: Instantiation of bean failed; nested exception is org.springframework.beans.BeanInstantiationException: Failed to instantiate [ua.artcode.library.dao.BookDao]: No default constructor found; nested exception is java.lang.NoSuchMethodException: ua.artcode.library.dao.BookDao.<init>()
	at org.springframework.beans.factory.support.AbstractAutowireCapableBeanFactory.instantiateBean(AbstractAutowireCapableBeanFactory.java:1105)
	at org.springframework.beans.factory.support.AbstractAutowireCapableBeanFactory.createBeanInstance(AbstractAutowireCapableBeanFactory.java:1050)
	at org.springframework.beans.factory.support.AbstractAutowireCapableBeanFactory.doCreateBean(AbstractAutowireCapableBeanFactory.java:510)
	at org.springframework.beans.factory.support.AbstractAutowireCapableBeanFactory.createBean(AbstractAutowireCapableBeanFactory.java:482)
	at org.springframework.beans.factory.support.AbstractBeanFactory$1.getObject(AbstractBeanFactory.java:306)
	at org.springframework.beans.factory.support.DefaultSingletonBeanRegistry.getSingleton(DefaultSingletonBeanRegistry.java:230)
	at org.springframework.beans.factory.support.AbstractBeanFactory.doGetBean(AbstractBeanFactory.java:302)
	at org.springframework.beans.factory.support.AbstractBeanFactory.getBean(AbstractBeanFactory.java:197)
	at org.springframework.beans.factory.support.DefaultListableBeanFactory.preInstantiateSingletons(DefaultListableBeanFactory.java:772)
	at org.springframework.context.support.AbstractApplicationContext.finishBeanFactoryInitialization(AbstractApplicationContext.java:839)
	at org.springframework.context.support.AbstractApplicationContext.refresh(AbstractApplicationContext.java:538)
	at org.springframework.test.context.support.AbstractGenericContextLoader.loadContext(AbstractGenericContextLoader.java:125)
	at org.springframework.test.context.support.AbstractGenericContextLoader.loadContext(AbstractGenericContextLoader.java:60)
	at org.springframework.test.context.support.AbstractDelegatingSmartContextLoader.delegateLoading(AbstractDelegatingSmartContextLoader.java:109)
	at org.springframework.test.context.support.AbstractDelegatingSmartContextLoader.loadContext(AbstractDelegatingSmartContextLoader.java:261)
	at org.springframework.test.context.cache.DefaultCacheAwareContextLoaderDelegate.loadContextInternal(DefaultCacheAwareContextLoaderDelegate.java:98)
	at org.springframework.test.context.cache.DefaultCacheAwareContextLoaderDelegate.loadContext(DefaultCacheAwareContextLoaderDelegate.java:116)
	... 28 more
Caused by: org.springframework.beans.BeanInstantiationException: Failed to instantiate [ua.artcode.library.dao.BookDao]: No default constructor found; nested exception is java.lang.NoSuchMethodException: ua.artcode.library.dao.BookDao.<init>()
	at org.springframework.beans.factory.support.SimpleInstantiationStrategy.instantiate(SimpleInstantiationStrategy.java:85)
	at org.springframework.beans.factory.support.AbstractAutowireCapableBeanFactory.instantiateBean(AbstractAutowireCapableBeanFactory.java:1098)
	... 44 more
Caused by: java.lang.NoSuchMethodException: ua.artcode.library.dao.BookDao.<init>()
	at java.lang.Class.getConstructor0(Class.java:3082)
	at java.lang.Class.getDeclaredConstructor(Class.java:2178)
	at org.springframework.beans.factory.support.SimpleInstantiationStrategy.instantiate(SimpleInstantiationStrategy.java:80)
	... 45 more
2016-01-31 10:57:06 INFO  DefaultTestContextBootstrapper:259 - Loaded default TestExecutionListener class names from location [META-INF/spring.factories]: [org.springframework.test.context.web.ServletTestExecutionListener, org.springframework.test.context.support.DirtiesContextBeforeModesTestExecutionListener, org.springframework.test.context.support.DependencyInjectionTestExecutionListener, org.springframework.test.context.support.DirtiesContextTestExecutionListener, org.springframework.test.context.transaction.TransactionalTestExecutionListener, org.springframework.test.context.jdbc.SqlScriptsTestExecutionListener]
2016-01-31 10:57:06 INFO  DefaultTestContextBootstrapper:207 - Could not instantiate TestExecutionListener [org.springframework.test.context.web.ServletTestExecutionListener]. Specify custom listener classes or make the default listener classes (and their required dependencies) available. Offending class: [javax/servlet/ServletContext]
2016-01-31 10:57:06 INFO  DefaultTestContextBootstrapper:185 - Using TestExecutionListeners: [org.springframework.test.context.support.DirtiesContextBeforeModesTestExecutionListener@735b5592, org.springframework.test.context.support.DependencyInjectionTestExecutionListener@58651fd0, org.springframework.test.context.support.DirtiesContextTestExecutionListener@4520ebad, org.springframework.test.context.transaction.TransactionalTestExecutionListener@5419f379, org.springframework.test.context.jdbc.SqlScriptsTestExecutionListener@7dc7cbad]
2016-01-31 10:57:07 INFO  XmlBeanDefinitionReader:317 - Loading XML bean definitions from class path resource [app-test-context.xml]
2016-01-31 10:57:07 INFO  GenericApplicationContext:578 - Refreshing org.springframework.context.support.GenericApplicationContext@6fd02e5: startup date [Sun Jan 31 10:57:07 EET 2016]; root of context hierarchy
2016-01-31 10:57:07 INFO  PropertyPlaceholderConfigurer:172 - Loading properties file from class path resource [app-test.properties]
2016-01-31 10:57:07 INFO  DriverManagerDataSource:133 - Loaded JDBC driver: com.mysql.jdbc.Driver
2016-01-31 10:57:08 INFO  LocalContainerEntityManagerFactoryBean:339 - Building JPA container EntityManagerFactory for persistence unit 'default'
2016-01-31 10:57:08 INFO  LogHelper:31 - HHH000204: Processing PersistenceUnitInfo [
	name: default
	...]
2016-01-31 10:57:08 INFO  Version:37 - HHH000412: Hibernate Core {5.0.3.Final}
2016-01-31 10:57:08 INFO  Environment:213 - HHH000206: hibernate.properties not found
2016-01-31 10:57:08 INFO  Environment:317 - HHH000021: Bytecode provider name : javassist
2016-01-31 10:57:08 INFO  Version:66 - HCANN000001: Hibernate Commons Annotations {5.0.0.Final}
2016-01-31 10:57:09 INFO  Dialect:154 - HHH000400: Using dialect: org.hibernate.dialect.MySQL5Dialect
2016-01-31 10:57:09 INFO  LobCreatorBuilderImpl:98 - HHH000423: Disabling contextual LOB creation as JDBC driver reported JDBC version [3] less than 4
2016-01-31 10:57:10 INFO  SchemaExport:400 - HHH000227: Running hbm2ddl schema export
2016-01-31 10:57:10 ERROR SchemaExport:483 - HHH000389: Unsuccessful: alter table authors drop foreign key FKayun26b6icr26k1asg01v29s3
2016-01-31 10:57:10 ERROR SchemaExport:484 - Table 'test_library.authors' doesn't exist
2016-01-31 10:57:10 ERROR SchemaExport:483 - HHH000389: Unsuccessful: alter table authors_book drop foreign key FKd2igp81ry0igpciy7lepcia1p
2016-01-31 10:57:10 ERROR SchemaExport:484 - Table 'test_library.authors_book' doesn't exist
2016-01-31 10:57:10 ERROR SchemaExport:483 - HHH000389: Unsuccessful: alter table authors_book drop foreign key FK2ekxm9b7rw4enkecng30rkd1a
2016-01-31 10:57:10 ERROR SchemaExport:484 - Table 'test_library.authors_book' doesn't exist
2016-01-31 10:57:10 ERROR SchemaExport:483 - HHH000389: Unsuccessful: alter table books_authors drop foreign key FK2svbwu28vnifd611xlvvcr5rn
2016-01-31 10:57:10 ERROR SchemaExport:484 - Table 'test_library.books_authors' doesn't exist
2016-01-31 10:57:10 ERROR SchemaExport:483 - HHH000389: Unsuccessful: alter table books_authors drop foreign key FKcxy0b15jfs18i5w2bqsbic6me
2016-01-31 10:57:10 ERROR SchemaExport:484 - Table 'test_library.books_authors' doesn't exist
2016-01-31 10:57:10 INFO  SchemaExport:463 - HHH000230: Schema export complete
2016-01-31 10:57:10 WARN  GenericApplicationContext:546 - Exception encountered during context initialization - cancelling refresh attempt: org.springframework.beans.factory.BeanCreationException: Error creating bean with name 'bookDao' defined in file [/home/serhii/dev/IdeaProjects/ACP11/Library/target/classes/ua/artcode/library/dao/BookDao.class]: Instantiation of bean failed; nested exception is org.springframework.beans.BeanInstantiationException: Failed to instantiate [ua.artcode.library.dao.BookDao]: No default constructor found; nested exception is java.lang.NoSuchMethodException: ua.artcode.library.dao.BookDao.<init>()
2016-01-31 10:57:10 INFO  LocalContainerEntityManagerFactoryBean:462 - Closing JPA EntityManagerFactory for persistence unit 'default'
2016-01-31 10:57:10 INFO  SchemaExport:400 - HHH000227: Running hbm2ddl schema export
2016-01-31 10:57:10 INFO  SchemaExport:463 - HHH000230: Schema export complete
2016-01-31 10:57:10 ERROR TestContextManager:231 - Caught exception while allowing TestExecutionListener [org.springframework.test.context.support.DependencyInjectionTestExecutionListener@58651fd0] to prepare test instance [ua.artcode.service.TestIntegrationAuthorService@b0964b2]
java.lang.IllegalStateException: Failed to load ApplicationContext
	at org.springframework.test.context.cache.DefaultCacheAwareContextLoaderDelegate.loadContext(DefaultCacheAwareContextLoaderDelegate.java:124)
	at org.springframework.test.context.support.DefaultTestContext.getApplicationContext(DefaultTestContext.java:83)
	at org.springframework.test.context.support.DependencyInjectionTestExecutionListener.injectDependencies(DependencyInjectionTestExecutionListener.java:117)
	at org.springframework.test.context.support.DependencyInjectionTestExecutionListener.prepareTestInstance(DependencyInjectionTestExecutionListener.java:83)
	at org.springframework.test.context.TestContextManager.prepareTestInstance(TestContextManager.java:228)
	at org.springframework.test.context.junit4.SpringJUnit4ClassRunner.createTest(SpringJUnit4ClassRunner.java:230)
	at org.springframework.test.context.junit4.SpringJUnit4ClassRunner$1.runReflectiveCall(SpringJUnit4ClassRunner.java:289)
	at org.junit.internal.runners.model.ReflectiveCallable.run(ReflectiveCallable.java:12)
	at org.springframework.test.context.junit4.SpringJUnit4ClassRunner.methodBlock(SpringJUnit4ClassRunner.java:291)
	at org.springframework.test.context.junit4.SpringJUnit4ClassRunner.runChild(SpringJUnit4ClassRunner.java:249)
	at org.springframework.test.context.junit4.SpringJUnit4ClassRunner.runChild(SpringJUnit4ClassRunner.java:89)
	at org.junit.runners.ParentRunner$3.run(ParentRunner.java:290)
	at org.junit.runners.ParentRunner$1.schedule(ParentRunner.java:71)
	at org.junit.runners.ParentRunner.runChildren(ParentRunner.java:288)
	at org.junit.runners.ParentRunner.access$000(ParentRunner.java:58)
	at org.junit.runners.ParentRunner$2.evaluate(ParentRunner.java:268)
	at org.springframework.test.context.junit4.statements.RunBeforeTestClassCallbacks.evaluate(RunBeforeTestClassCallbacks.java:61)
	at org.springframework.test.context.junit4.statements.RunAfterTestClassCallbacks.evaluate(RunAfterTestClassCallbacks.java:70)
	at org.junit.runners.ParentRunner.run(ParentRunner.java:363)
	at org.springframework.test.context.junit4.SpringJUnit4ClassRunner.run(SpringJUnit4ClassRunner.java:193)
	at org.junit.runner.JUnitCore.run(JUnitCore.java:137)
	at com.intellij.junit4.JUnit4IdeaTestRunner.startRunnerWithArgs(JUnit4IdeaTestRunner.java:78)
	at com.intellij.rt.execution.junit.JUnitStarter.prepareStreamsAndStart(JUnitStarter.java:212)
	at com.intellij.rt.execution.junit.JUnitStarter.main(JUnitStarter.java:68)
	at sun.reflect.NativeMethodAccessorImpl.invoke0(Native Method)
	at sun.reflect.NativeMethodAccessorImpl.invoke(NativeMethodAccessorImpl.java:62)
	at sun.reflect.DelegatingMethodAccessorImpl.invoke(DelegatingMethodAccessorImpl.java:43)
	at java.lang.reflect.Method.invoke(Method.java:497)
	at com.intellij.rt.execution.application.AppMain.main(AppMain.java:140)
Caused by: org.springframework.beans.factory.BeanCreationException: Error creating bean with name 'bookDao' defined in file [/home/serhii/dev/IdeaProjects/ACP11/Library/target/classes/ua/artcode/library/dao/BookDao.class]: Instantiation of bean failed; nested exception is org.springframework.beans.BeanInstantiationException: Failed to instantiate [ua.artcode.library.dao.BookDao]: No default constructor found; nested exception is java.lang.NoSuchMethodException: ua.artcode.library.dao.BookDao.<init>()
	at org.springframework.beans.factory.support.AbstractAutowireCapableBeanFactory.instantiateBean(AbstractAutowireCapableBeanFactory.java:1105)
	at org.springframework.beans.factory.support.AbstractAutowireCapableBeanFactory.createBeanInstance(AbstractAutowireCapableBeanFactory.java:1050)
	at org.springframework.beans.factory.support.AbstractAutowireCapableBeanFactory.doCreateBean(AbstractAutowireCapableBeanFactory.java:510)
	at org.springframework.beans.factory.support.AbstractAutowireCapableBeanFactory.createBean(AbstractAutowireCapableBeanFactory.java:482)
	at org.springframework.beans.factory.support.AbstractBeanFactory$1.getObject(AbstractBeanFactory.java:306)
	at org.springframework.beans.factory.support.DefaultSingletonBeanRegistry.getSingleton(DefaultSingletonBeanRegistry.java:230)
	at org.springframework.beans.factory.support.AbstractBeanFactory.doGetBean(AbstractBeanFactory.java:302)
	at org.springframework.beans.factory.support.AbstractBeanFactory.getBean(AbstractBeanFactory.java:197)
	at org.springframework.beans.factory.support.DefaultListableBeanFactory.preInstantiateSingletons(DefaultListableBeanFactory.java:772)
	at org.springframework.context.support.AbstractApplicationContext.finishBeanFactoryInitialization(AbstractApplicationContext.java:839)
	at org.springframework.context.support.AbstractApplicationContext.refresh(AbstractApplicationContext.java:538)
	at org.springframework.test.context.support.AbstractGenericContextLoader.loadContext(AbstractGenericContextLoader.java:125)
	at org.springframework.test.context.support.AbstractGenericContextLoader.loadContext(AbstractGenericContextLoader.java:60)
	at org.springframework.test.context.support.AbstractDelegatingSmartContextLoader.delegateLoading(AbstractDelegatingSmartContextLoader.java:109)
	at org.springframework.test.context.support.AbstractDelegatingSmartContextLoader.loadContext(AbstractDelegatingSmartContextLoader.java:261)
	at org.springframework.test.context.cache.DefaultCacheAwareContextLoaderDelegate.loadContextInternal(DefaultCacheAwareContextLoaderDelegate.java:98)
	at org.springframework.test.context.cache.DefaultCacheAwareContextLoaderDelegate.loadContext(DefaultCacheAwareContextLoaderDelegate.java:116)
	... 28 more
Caused by: org.springframework.beans.BeanInstantiationException: Failed to instantiate [ua.artcode.library.dao.BookDao]: No default constructor found; nested exception is java.lang.NoSuchMethodException: ua.artcode.library.dao.BookDao.<init>()
	at org.springframework.beans.factory.support.SimpleInstantiationStrategy.instantiate(SimpleInstantiationStrategy.java:85)
	at org.springframework.beans.factory.support.AbstractAutowireCapableBeanFactory.instantiateBean(AbstractAutowireCapableBeanFactory.java:1098)
	... 44 more
Caused by: java.lang.NoSuchMethodException: ua.artcode.library.dao.BookDao.<init>()
	at java.lang.Class.getConstructor0(Class.java:3082)
	at java.lang.Class.getDeclaredConstructor(Class.java:2178)
	at org.springframework.beans.factory.support.SimpleInstantiationStrategy.instantiate(SimpleInstantiationStrategy.java:80)
	... 45 more
2016-01-31 10:57:37 INFO  DefaultTestContextBootstrapper:259 - Loaded default TestExecutionListener class names from location [META-INF/spring.factories]: [org.springframework.test.context.web.ServletTestExecutionListener, org.springframework.test.context.support.DirtiesContextBeforeModesTestExecutionListener, org.springframework.test.context.support.DependencyInjectionTestExecutionListener, org.springframework.test.context.support.DirtiesContextTestExecutionListener, org.springframework.test.context.transaction.TransactionalTestExecutionListener, org.springframework.test.context.jdbc.SqlScriptsTestExecutionListener]
2016-01-31 10:57:37 INFO  DefaultTestContextBootstrapper:207 - Could not instantiate TestExecutionListener [org.springframework.test.context.web.ServletTestExecutionListener]. Specify custom listener classes or make the default listener classes (and their required dependencies) available. Offending class: [javax/servlet/ServletContext]
2016-01-31 10:57:37 INFO  DefaultTestContextBootstrapper:185 - Using TestExecutionListeners: [org.springframework.test.context.support.DirtiesContextBeforeModesTestExecutionListener@735b5592, org.springframework.test.context.support.DependencyInjectionTestExecutionListener@58651fd0, org.springframework.test.context.support.DirtiesContextTestExecutionListener@4520ebad, org.springframework.test.context.transaction.TransactionalTestExecutionListener@5419f379, org.springframework.test.context.jdbc.SqlScriptsTestExecutionListener@7dc7cbad]
2016-01-31 10:57:37 INFO  XmlBeanDefinitionReader:317 - Loading XML bean definitions from class path resource [app-test-context.xml]
2016-01-31 10:57:38 INFO  GenericApplicationContext:578 - Refreshing org.springframework.context.support.GenericApplicationContext@6fd02e5: startup date [Sun Jan 31 10:57:38 EET 2016]; root of context hierarchy
2016-01-31 10:57:38 INFO  PropertyPlaceholderConfigurer:172 - Loading properties file from class path resource [app-test.properties]
2016-01-31 10:57:38 INFO  DriverManagerDataSource:133 - Loaded JDBC driver: com.mysql.jdbc.Driver
2016-01-31 10:57:39 INFO  LocalContainerEntityManagerFactoryBean:339 - Building JPA container EntityManagerFactory for persistence unit 'default'
2016-01-31 10:57:39 INFO  LogHelper:31 - HHH000204: Processing PersistenceUnitInfo [
	name: default
	...]
2016-01-31 10:57:39 INFO  Version:37 - HHH000412: Hibernate Core {5.0.3.Final}
2016-01-31 10:57:39 INFO  Environment:213 - HHH000206: hibernate.properties not found
2016-01-31 10:57:39 INFO  Environment:317 - HHH000021: Bytecode provider name : javassist
2016-01-31 10:57:39 INFO  Version:66 - HCANN000001: Hibernate Commons Annotations {5.0.0.Final}
2016-01-31 10:57:40 INFO  Dialect:154 - HHH000400: Using dialect: org.hibernate.dialect.MySQL5Dialect
2016-01-31 10:57:40 INFO  LobCreatorBuilderImpl:98 - HHH000423: Disabling contextual LOB creation as JDBC driver reported JDBC version [3] less than 4
2016-01-31 10:57:41 INFO  SchemaExport:400 - HHH000227: Running hbm2ddl schema export
2016-01-31 10:57:41 ERROR SchemaExport:483 - HHH000389: Unsuccessful: alter table authors drop foreign key FKayun26b6icr26k1asg01v29s3
2016-01-31 10:57:41 ERROR SchemaExport:484 - Table 'test_library.authors' doesn't exist
2016-01-31 10:57:41 ERROR SchemaExport:483 - HHH000389: Unsuccessful: alter table authors_book drop foreign key FKd2igp81ry0igpciy7lepcia1p
2016-01-31 10:57:41 ERROR SchemaExport:484 - Table 'test_library.authors_book' doesn't exist
2016-01-31 10:57:41 ERROR SchemaExport:483 - HHH000389: Unsuccessful: alter table authors_book drop foreign key FK2ekxm9b7rw4enkecng30rkd1a
2016-01-31 10:57:41 ERROR SchemaExport:484 - Table 'test_library.authors_book' doesn't exist
2016-01-31 10:57:41 ERROR SchemaExport:483 - HHH000389: Unsuccessful: alter table books_authors drop foreign key FK2svbwu28vnifd611xlvvcr5rn
2016-01-31 10:57:41 ERROR SchemaExport:484 - Table 'test_library.books_authors' doesn't exist
2016-01-31 10:57:41 ERROR SchemaExport:483 - HHH000389: Unsuccessful: alter table books_authors drop foreign key FKcxy0b15jfs18i5w2bqsbic6me
2016-01-31 10:57:41 ERROR SchemaExport:484 - Table 'test_library.books_authors' doesn't exist
2016-01-31 10:57:41 INFO  SchemaExport:463 - HHH000230: Schema export complete
2016-01-31 10:57:41 INFO  BookDao:30 - create new book
2016-01-31 10:57:41 INFO  GenericApplicationContext:960 - Closing org.springframework.context.support.GenericApplicationContext@6fd02e5: startup date [Sun Jan 31 10:57:38 EET 2016]; root of context hierarchy
2016-01-31 10:57:41 INFO  LocalContainerEntityManagerFactoryBean:462 - Closing JPA EntityManagerFactory for persistence unit 'default'
2016-01-31 10:57:41 INFO  SchemaExport:400 - HHH000227: Running hbm2ddl schema export
2016-01-31 10:57:41 INFO  SchemaExport:463 - HHH000230: Schema export complete
2016-01-31 10:58:02 INFO  DefaultTestContextBootstrapper:259 - Loaded default TestExecutionListener class names from location [META-INF/spring.factories]: [org.springframework.test.context.web.ServletTestExecutionListener, org.springframework.test.context.support.DirtiesContextBeforeModesTestExecutionListener, org.springframework.test.context.support.DependencyInjectionTestExecutionListener, org.springframework.test.context.support.DirtiesContextTestExecutionListener, org.springframework.test.context.transaction.TransactionalTestExecutionListener, org.springframework.test.context.jdbc.SqlScriptsTestExecutionListener]
2016-01-31 10:58:02 INFO  DefaultTestContextBootstrapper:207 - Could not instantiate TestExecutionListener [org.springframework.test.context.web.ServletTestExecutionListener]. Specify custom listener classes or make the default listener classes (and their required dependencies) available. Offending class: [javax/servlet/ServletContext]
2016-01-31 10:58:03 INFO  DefaultTestContextBootstrapper:185 - Using TestExecutionListeners: [org.springframework.test.context.support.DirtiesContextBeforeModesTestExecutionListener@735b5592, org.springframework.test.context.support.DependencyInjectionTestExecutionListener@58651fd0, org.springframework.test.context.support.DirtiesContextTestExecutionListener@4520ebad, org.springframework.test.context.transaction.TransactionalTestExecutionListener@5419f379, org.springframework.test.context.jdbc.SqlScriptsTestExecutionListener@7dc7cbad]
2016-01-31 10:58:03 INFO  XmlBeanDefinitionReader:317 - Loading XML bean definitions from class path resource [app-test-context.xml]
2016-01-31 10:58:03 INFO  GenericApplicationContext:578 - Refreshing org.springframework.context.support.GenericApplicationContext@6fd02e5: startup date [Sun Jan 31 10:58:03 EET 2016]; root of context hierarchy
2016-01-31 10:58:04 INFO  PropertyPlaceholderConfigurer:172 - Loading properties file from class path resource [app-test.properties]
2016-01-31 10:58:04 INFO  DriverManagerDataSource:133 - Loaded JDBC driver: com.mysql.jdbc.Driver
2016-01-31 10:58:04 INFO  LocalContainerEntityManagerFactoryBean:339 - Building JPA container EntityManagerFactory for persistence unit 'default'
2016-01-31 10:58:04 INFO  LogHelper:31 - HHH000204: Processing PersistenceUnitInfo [
	name: default
	...]
2016-01-31 10:58:04 INFO  Version:37 - HHH000412: Hibernate Core {5.0.3.Final}
2016-01-31 10:58:04 INFO  Environment:213 - HHH000206: hibernate.properties not found
2016-01-31 10:58:04 INFO  Environment:317 - HHH000021: Bytecode provider name : javassist
2016-01-31 10:58:05 INFO  Version:66 - HCANN000001: Hibernate Commons Annotations {5.0.0.Final}
2016-01-31 10:58:05 INFO  Dialect:154 - HHH000400: Using dialect: org.hibernate.dialect.MySQL5Dialect
2016-01-31 10:58:05 INFO  LobCreatorBuilderImpl:98 - HHH000423: Disabling contextual LOB creation as JDBC driver reported JDBC version [3] less than 4
2016-01-31 10:58:06 INFO  SchemaExport:400 - HHH000227: Running hbm2ddl schema export
2016-01-31 10:58:06 ERROR SchemaExport:483 - HHH000389: Unsuccessful: alter table authors drop foreign key FKayun26b6icr26k1asg01v29s3
2016-01-31 10:58:06 ERROR SchemaExport:484 - Table 'test_library.authors' doesn't exist
2016-01-31 10:58:06 ERROR SchemaExport:483 - HHH000389: Unsuccessful: alter table authors_book drop foreign key FKd2igp81ry0igpciy7lepcia1p
2016-01-31 10:58:06 ERROR SchemaExport:484 - Table 'test_library.authors_book' doesn't exist
2016-01-31 10:58:06 ERROR SchemaExport:483 - HHH000389: Unsuccessful: alter table authors_book drop foreign key FK2ekxm9b7rw4enkecng30rkd1a
2016-01-31 10:58:06 ERROR SchemaExport:484 - Table 'test_library.authors_book' doesn't exist
2016-01-31 10:58:06 ERROR SchemaExport:483 - HHH000389: Unsuccessful: alter table books_authors drop foreign key FK2svbwu28vnifd611xlvvcr5rn
2016-01-31 10:58:06 ERROR SchemaExport:484 - Table 'test_library.books_authors' doesn't exist
2016-01-31 10:58:06 ERROR SchemaExport:483 - HHH000389: Unsuccessful: alter table books_authors drop foreign key FKcxy0b15jfs18i5w2bqsbic6me
2016-01-31 10:58:06 ERROR SchemaExport:484 - Table 'test_library.books_authors' doesn't exist
2016-01-31 10:58:06 INFO  SchemaExport:463 - HHH000230: Schema export complete
2016-01-31 10:58:07 INFO  BookDao:32 - create new book
2016-01-31 10:58:07 INFO  BookDao:40 - book was saved
2016-01-31 10:58:07 INFO  GenericApplicationContext:960 - Closing org.springframework.context.support.GenericApplicationContext@6fd02e5: startup date [Sun Jan 31 10:58:03 EET 2016]; root of context hierarchy
2016-01-31 10:58:07 INFO  LocalContainerEntityManagerFactoryBean:462 - Closing JPA EntityManagerFactory for persistence unit 'default'
2016-01-31 10:58:07 INFO  SchemaExport:400 - HHH000227: Running hbm2ddl schema export
2016-01-31 10:58:07 INFO  SchemaExport:463 - HHH000230: Schema export complete
2016-02-05 23:17:57 INFO  DefaultTestContextBootstrapper:259 - Loaded default TestExecutionListener class names from location [META-INF/spring.factories]: [org.springframework.test.context.web.ServletTestExecutionListener, org.springframework.test.context.support.DirtiesContextBeforeModesTestExecutionListener, org.springframework.test.context.support.DependencyInjectionTestExecutionListener, org.springframework.test.context.support.DirtiesContextTestExecutionListener, org.springframework.test.context.transaction.TransactionalTestExecutionListener, org.springframework.test.context.jdbc.SqlScriptsTestExecutionListener]
2016-02-05 23:17:57 INFO  DefaultTestContextBootstrapper:207 - Could not instantiate TestExecutionListener [org.springframework.test.context.web.ServletTestExecutionListener]. Specify custom listener classes or make the default listener classes (and their required dependencies) available. Offending class: [javax/servlet/ServletContext]
2016-02-05 23:17:57 INFO  DefaultTestContextBootstrapper:185 - Using TestExecutionListeners: [org.springframework.test.context.support.DirtiesContextBeforeModesTestExecutionListener@3c0ecd4b, org.springframework.test.context.support.DependencyInjectionTestExecutionListener@14bf9759, org.springframework.test.context.support.DirtiesContextTestExecutionListener@5f341870, org.springframework.test.context.transaction.TransactionalTestExecutionListener@553f17c, org.springframework.test.context.jdbc.SqlScriptsTestExecutionListener@4f7d0008]
2016-02-05 23:17:57 INFO  XmlBeanDefinitionReader:317 - Loading XML bean definitions from class path resource [app-context.xml]
2016-02-05 23:17:58 INFO  GenericApplicationContext:578 - Refreshing org.springframework.context.support.GenericApplicationContext@3108bc: startup date [Fri Feb 05 23:17:58 EET 2016]; root of context hierarchy
2016-02-05 23:17:58 INFO  PropertyPlaceholderConfigurer:172 - Loading properties file from class path resource [app.properties]
2016-02-05 23:17:58 INFO  DriverManagerDataSource:133 - Loaded JDBC driver: com.mysql.jdbc.Driver
2016-02-05 23:17:58 INFO  LocalContainerEntityManagerFactoryBean:339 - Building JPA container EntityManagerFactory for persistence unit 'default'
2016-02-05 23:17:58 INFO  LogHelper:31 - HHH000204: Processing PersistenceUnitInfo [
	name: default
	...]
2016-02-05 23:17:58 INFO  Version:37 - HHH000412: Hibernate Core {5.0.3.Final}
2016-02-05 23:17:58 INFO  Environment:213 - HHH000206: hibernate.properties not found
2016-02-05 23:17:58 INFO  Environment:317 - HHH000021: Bytecode provider name : javassist
2016-02-05 23:17:59 INFO  Version:66 - HCANN000001: Hibernate Commons Annotations {5.0.0.Final}
2016-02-05 23:17:59 INFO  Dialect:154 - HHH000400: Using dialect: org.hibernate.dialect.MySQL5Dialect
2016-02-05 23:17:59 INFO  LobCreatorBuilderImpl:98 - HHH000423: Disabling contextual LOB creation as JDBC driver reported JDBC version [3] less than 4
2016-02-05 23:18:01 INFO  SchemaUpdate:101 - HHH000228: Running hbm2ddl schema update
2016-02-05 23:18:02 INFO  BookDao:29 - create new book
2016-02-05 23:18:02 INFO  BookDao:37 - book was saved
2016-02-05 23:18:02 INFO  GenericApplicationContext:960 - Closing org.springframework.context.support.GenericApplicationContext@3108bc: startup date [Fri Feb 05 23:17:58 EET 2016]; root of context hierarchy
2016-02-05 23:18:02 INFO  LocalContainerEntityManagerFactoryBean:462 - Closing JPA EntityManagerFactory for persistence unit 'default'
